<?xml version="1.0" encoding="UTF-8"?>
<!-- Generated by org.testng.reporters.JUnitReportReporter -->
<testsuite skipped="0" hostname="DESKTOP-QPQE140" name="test.LoginTest" tests="1" failures="0" timestamp="2022-02-26T02:46:57 CST" time="7.981" errors="0">
  <testcase name="ValidUserShouldBeableToLogin" time="7.981" classname="test.LoginTest"/>
  <system-out/>
</testsuite> <!-- test.LoginTest -->
